	bb9c3262208			UPSTREAM: 74956: apiserver: switch authorization to use protobuf client	https://github.com/openshift/kubernetes/commit/bb9c3262208?w=1	https://github.com/kubernetes/kubernetes/pull/74956
	8bd488b66eb			UPSTREAM: 84466: gce: ensureInternalInstanceGroups: reuse instance-groups for internal load balancers	https://github.com/openshift/kubernetes/commit/8bd488b66eb?w=1	https://github.com/kubernetes/kubernetes/pull/84466
	193d763adc1			UPSTREAM: 93286: wait for apiservices on startup	https://github.com/openshift/kubernetes/commit/193d763adc1?w=1	https://github.com/kubernetes/kubernetes/pull/93286
	c6840e84f86			UPSTREAM: <carry>: filter out CustomResourceQuota paths from OpenAPI	https://github.com/openshift/kubernetes/commit/c6840e84f86?w=1
	f9a6b73ca78			UPSTREAM: <carry>: patch aggregator to allow delegating resources	https://github.com/openshift/kubernetes/commit/f9a6b73ca78?w=1
	a1c12a7dd32			UPSTREAM: <carry>: remove apiservice from sync in CRD registration when it exists	https://github.com/openshift/kubernetes/commit/a1c12a7dd32?w=1
	b4aee491855			UPSTREAM: <carry>: hardcoded restmapper with a few entries to rebootstrap SDN when SDN is down	https://github.com/openshift/kubernetes/commit/b4aee491855?w=1
	c2c9d7451f5			UPSTREAM: <carry>: kubelet: Expose a simple journald shim on the kubelet logs endpoint	https://github.com/openshift/kubernetes/commit/c2c9d7451f5?w=1
	194864933ce			UPSTREAM: <carry>: kube-controller-manager: add service serving cert signer to token controller	https://github.com/openshift/kubernetes/commit/194864933ce?w=1
	18bbb151dd9			UPSTREAM: <carry>: kube-controller-manager: allow running bare kube-controller-manager	https://github.com/openshift/kubernetes/commit/18bbb151dd9?w=1
	02ce9b3d6d1			UPSTREAM: <carry>: kube-controller-manager: exclude some origin resources from quota	https://github.com/openshift/kubernetes/commit/02ce9b3d6d1?w=1
	fcb3456b7fb			UPSTREAM: <carry>: kube-apiserver: add our immortal namespaces directly to admission plugin	https://github.com/openshift/kubernetes/commit/fcb3456b7fb?w=1
	ee6f24dc718			UPSTREAM: <carry>: kube-apiserver: allow injection of kube-apiserver options	https://github.com/openshift/kubernetes/commit/ee6f24dc718?w=1
	c16c14dfa73			UPSTREAM: <carry>: kube-apiserver: priorize some CRD groups over others	https://github.com/openshift/kubernetes/commit/c16c14dfa73?w=1
	02dabaf4678			UPSTREAM: <carry>: Always test PDB's during service upgrade test	https://github.com/openshift/kubernetes/commit/02dabaf4678?w=1
	87f75213acc			UPSTREAM: <carry>: kube-apiserver: allow rewiring	https://github.com/openshift/kubernetes/commit/87f75213acc?w=1
	78e37fdfb28			UPSTREAM: <carry>: openshift-kube-apiserver: add kube-apiserver patches	https://github.com/openshift/kubernetes/commit/78e37fdfb28?w=1
	c7c48fdacb0			UPSTREAM: <carry>: kube-apiserver: wire through isTerminating into handler chain	https://github.com/openshift/kubernetes/commit/c7c48fdacb0?w=1
	7b9aa03e491			UPSTREAM: <carry>: create termination events	https://github.com/openshift/kubernetes/commit/7b9aa03e491?w=1
	538170825bb			UPSTREAM: <carry>: bootstrap-rbac-policy: move over .well-known rules	https://github.com/openshift/kubernetes/commit/538170825bb?w=1
	8d9bda8f24c			UPSTREAM: <carry>: warn only about unknown feature gates	https://github.com/openshift/kubernetes/commit/8d9bda8f24c?w=1
	df7966f3365			UPSTREAM: <carry>: CHECK(workload) disable kubectl client-side validation tests	https://github.com/openshift/kubernetes/commit/df7966f3365?w=1
	198209159d4			UPSTREAM: <carry>: disable AES24, not supported by FIPS	https://github.com/openshift/kubernetes/commit/198209159d4?w=1
	eecae1591a1			UPSTREAM: <carry>: add crdvalidation for apiserver.spec.tlsSecurityProfile	https://github.com/openshift/kubernetes/commit/eecae1591a1?w=1
	4cfb8fafa6f			UPSTREAM: <carry>: bump nodes ready timeout	https://github.com/openshift/kubernetes/commit/4cfb8fafa6f?w=1
	dd0d3bfa831			UPSTREAM: <carry>: Remove excessive e2e logging	https://github.com/openshift/kubernetes/commit/dd0d3bfa831?w=1
	52b73523b4c			UPSTREAM: <carry>: conditionally fill the UserAgent from the currently running test	https://github.com/openshift/kubernetes/commit/52b73523b4c?w=1
	dbe70e455ee			UPSTREAM: 89885: allow to read openstack cloud provider config from a secret	https://github.com/openshift/kubernetes/commit/dbe70e455ee?w=1	https://github.com/kubernetes/kubernetes/pull/89885
	4d63cde7462			UPSTREAM: 90452: refactor/improve CRD publishing e2e tests in an HA setup	https://github.com/openshift/kubernetes/commit/4d63cde7462?w=1	https://github.com/kubernetes/kubernetes/pull/90452
	b6fed67c9c4			UPSTREAM: <carry>: Bug 1852056: change etcd health check timeout to 10s	https://github.com/openshift/kubernetes/commit/b6fed67c9c4?w=1
	b2b619077ea			UPSTREAM: <carry>: Add OpenShift tooling, images, configs and docs	https://github.com/openshift/kubernetes/commit/b2b619077ea?w=1
	d1e53633876			UPSTREAM: <carry>: export HandleFlags	https://github.com/openshift/kubernetes/commit/d1e53633876?w=1
	79be14211df			UPSTREAM: <carry>: use new access token inactivity timeout field.	https://github.com/openshift/kubernetes/commit/79be14211df?w=1
	6da1c7d4562			UPSTREAM: <carry>: noderestrictions: add node-role.kubernetes.io/* to allowed node labels	https://github.com/openshift/kubernetes/commit/6da1c7d4562?w=1
	2af991c43b1			UPSTREAM: <carry>: openshift-kube-apiserver: Add custom resource validation for network spec	https://github.com/openshift/kubernetes/commit/2af991c43b1?w=1
	3784942f6fc			UPSTREAM: <carry>: add readyz check for openshift apiserver availability	https://github.com/openshift/kubernetes/commit/3784942f6fc?w=1
	39aab47dea8			UPSTREAM: <carry>: Skip unit tests incompatible with openshift ci	https://github.com/openshift/kubernetes/commit/39aab47dea8?w=1
	1ca04429c95			UPSTREAM: <carry>: Stop ignoring generated openapi definitions	https://github.com/openshift/kubernetes/commit/1ca04429c95?w=1
	93017a1df89			UPSTREAM: <carry>: Release lock on KCM and KS termination	https://github.com/openshift/kubernetes/commit/93017a1df89?w=1
	8355d726bbf			UPSTREAM: <carry>: stop overriding flags that are explicitly set	https://github.com/openshift/kubernetes/commit/8355d726bbf?w=1
	6a457760045			UPSTREAM: 96120: kubelet: Expose a simple Get-WinEvent shim on the kubelet logs endpoint	https://github.com/openshift/kubernetes/commit/6a457760045?w=1	https://github.com/kubernetes/kubernetes/pull/96120
	7725d540b11			UPSTREAM: <carry>: Fix networking-related test exclusions	https://github.com/openshift/kubernetes/commit/7725d540b11?w=1
	0c175222685			UPSTREAM: <carry>: wait for oauth-apiserver accessibility	https://github.com/openshift/kubernetes/commit/0c175222685?w=1
	c7d14787027			UPSTREAM: <carry>: /readyz update stacktrace pred for httplog so that it doesn't log stack trace when HTTP 500 response is returned	https://github.com/openshift/kubernetes/commit/c7d14787027?w=1
	b8796c6f7c3			UPSTREAM: <carry>: Override termination grace period on annotation	https://github.com/openshift/kubernetes/commit/b8796c6f7c3?w=1
	d74d9a2173b			UPSTREAM: <carry>: Add DOWNSTREAM_OWNERS	https://github.com/openshift/kubernetes/commit/d74d9a2173b?w=1
	bfea75be7a2			UPSTREAM: <carry>: kube-apiserver: ignore SIGTERM/INT after the first one	https://github.com/openshift/kubernetes/commit/bfea75be7a2?w=1
	7d4d48c9482			UPSTREAM: <carry>: use hardcoded metrics scraping authorizer for delegated apiservers	https://github.com/openshift/kubernetes/commit/7d4d48c9482?w=1
	fc65be016bd			UPSTREAM: <carry>: allow kubelet to self-authorize metrics scraping	https://github.com/openshift/kubernetes/commit/fc65be016bd?w=1
	75bef3ca784			UPSTREAM: <carry>: provide events, messages, and bodies for probe failures of important pods	https://github.com/openshift/kubernetes/commit/75bef3ca784?w=1
	04eabe53d2a			UPSTREAM: <carry>: allows for switching KS to talk to Kube API over localhost	https://github.com/openshift/kubernetes/commit/04eabe53d2a?w=1
	ec8a203cd68			UPSTREAM: <carry>: openshift KCM volume plugin manager uses a disjoint set of featuregates	https://github.com/openshift/kubernetes/commit/ec8a203cd68?w=1
	828d775b1f5			UPSTREAM: <carry>: Disable CSI migration on OpenStack Cinder	https://github.com/openshift/kubernetes/commit/828d775b1f5?w=1
	9e63356d4a9			UPSTREAM: <carry>: add management support to kubelet	https://github.com/openshift/kubernetes/commit/9e63356d4a9?w=1
	f1b2addabc1			UPSTREAM: <carry>: deprecateApiRequestHandler	https://github.com/openshift/kubernetes/commit/f1b2addabc1?w=1
	d7ecbd903e2			UPSTREAM: <carry>: Set informer for openstack	https://github.com/openshift/kubernetes/commit/d7ecbd903e2?w=1
	ea874aa684f			UPSTREAM: <carry>: provide a new admission plugin to mutate management pods CPUs requests	https://github.com/openshift/kubernetes/commit/ea874aa684f?w=1
	0ac43f622c4			UPSTREAM: <carry>: allows for switching KCM to talk to Kube API over localhost	https://github.com/openshift/kubernetes/commit/0ac43f622c4?w=1
	efe0cfeaa21			UPSTREAM: <carry>: Ensure service ca is mounted for projected tokens	https://github.com/openshift/kubernetes/commit/efe0cfeaa21?w=1
	bd9a55803db			UPSTREAM: <carry>: add CRD validation for dnses	https://github.com/openshift/kubernetes/commit/bd9a55803db?w=1
	7fd9897d2cb			UPSTREAM: <carry>: apiserver: add system_client=kube-{apiserver,cm,s} to apiserver_request_total	https://github.com/openshift/kubernetes/commit/7fd9897d2cb?w=1
	2f57c5b68bd			UPSTREAM: <carry>: annotate audit events for requests during unready phase and graceful termination phase	https://github.com/openshift/kubernetes/commit/2f57c5b68bd?w=1
	2fac715cabd			UPSTREAM: <carry>: emit event when readyz goes true	https://github.com/openshift/kubernetes/commit/2fac715cabd?w=1
	eddcc518beb			UPSTREAM: <carry>: crd: add ClusterOperator condition message table column	https://github.com/openshift/kubernetes/commit/eddcc518beb?w=1
	ebbd98c4af1			UPSTREAM: <carry>: only chown if non-windows machine	https://github.com/openshift/kubernetes/commit/ebbd98c4af1?w=1
	07bf20738e9			UPSTREAM: <carry>: openshift's kube-apiserver is in openshift-kube-apiserver	https://github.com/openshift/kubernetes/commit/07bf20738e9?w=1
	c83ceebb078			UPSTREAM: 103612: tolerate additional, but congruent, events for integration test	https://github.com/openshift/kubernetes/commit/c83ceebb078?w=1	https://github.com/kubernetes/kubernetes/pull/103612
	791d41e279c			UPSTREAM: <carry>: add a way to inject a vulnerable, legacy service-ca.crt for migration compatibility	https://github.com/openshift/kubernetes/commit/791d41e279c?w=1
	cc96bfa11af			UPSTREAM: <carry>: prevent the kubecontrollermanager service-ca from getting less secure	https://github.com/openshift/kubernetes/commit/cc96bfa11af?w=1
	d3045350e43			UPSTREAM: <carry>: use lifeCycleSignals for isTerminating	https://github.com/openshift/kubernetes/commit/d3045350e43?w=1
	9ebab947279			UPSTREAM: <carry>: 104437: run etcd healthcheck in the background and reply with a cached value	https://github.com/openshift/kubernetes/commit/9ebab947279?w=1
	e90b78a9199			UPSTREAM: <carry>: rename termination events to use lifecycleSignals	https://github.com/openshift/kubernetes/commit/e90b78a9199?w=1
	f921d48224f			UPSTREAM: <carry>: enable internal traffic policy tests	https://github.com/openshift/kubernetes/commit/f921d48224f?w=1
	30214940c21			UPSTREAM: <carry>: skip posting failures to aggregated APIs to avoid getting false positives until the server becomes ready	https://github.com/openshift/kubernetes/commit/30214940c21?w=1
	110aaa7c54c			UPSTREAM: <carry>: expose HasBeenReady lifecycle signal	https://github.com/openshift/kubernetes/commit/110aaa7c54c?w=1
	573d6345f81			UPSTREAM: <carry>: Revert "Remove Endpoints write access from aggregated edit role"	https://github.com/openshift/kubernetes/commit/573d6345f81?w=1
	24428447834			UPSTREAM: <carry>: send Retry-After when not ready with a caller opt in	https://github.com/openshift/kubernetes/commit/24428447834?w=1
	ea2d15e503c			UPSTREAM: <carry>: add max_housekeeping_interval	https://github.com/openshift/kubernetes/commit/ea2d15e503c?w=1
	819a64c501a			UPSTREAM: <carry>: Make RestrictedEndpointsAdmission check NotReadyAddresses	https://github.com/openshift/kubernetes/commit/819a64c501a?w=1
	57afba23a2f			UPSTREAM: <carry>: sets X-OpenShift-Internal-If-Not-Ready HTTP Header for GC and Namespace controllers	https://github.com/openshift/kubernetes/commit/57afba23a2f?w=1
	4954e48523c			UPSTREAM: <carry>: change opt-in due to upstream revert	https://github.com/openshift/kubernetes/commit/4954e48523c?w=1
	4ac30cd9474			UPSTREAM: <carry>: add control plane to allow roles	https://github.com/openshift/kubernetes/commit/4ac30cd9474?w=1
	2701d71abb4			UPSTREAM: <carry>: add CSI migration feature gates for vSphere and Azure File	https://github.com/openshift/kubernetes/commit/2701d71abb4?w=1
	5ef33bccf60			UPSTREAM: <carry>: update list of deprecated apis	https://github.com/openshift/kubernetes/commit/5ef33bccf60?w=1
	6f2d9a525bc			UPSTREAM: <carry>: allow SCC to be disabled on a per-namespace basis	https://github.com/openshift/kubernetes/commit/6f2d9a525bc?w=1
	e2fb8191644			UPSTREAM: <carry>: verify required http2 cipher suites	https://github.com/openshift/kubernetes/commit/e2fb8191644?w=1
	c5fd3449734			UPSTREAM: <carry>: delay queuing deletion for PV to allow nodes some time to unmount	https://github.com/openshift/kubernetes/commit/c5fd3449734?w=1
	bbd16356c37			UPSTREAM: <carry>: fix request count log rotation	https://github.com/openshift/kubernetes/commit/bbd16356c37?w=1
	9726268c979			UPSTREAM: <carry>: drop the warning to use --keep-annotations	https://github.com/openshift/kubernetes/commit/9726268c979?w=1
	35a93248f51			UPSTREAM: <carry>: admission/managementcpusoverride: cover the roll-back case	https://github.com/openshift/kubernetes/commit/35a93248f51?w=1
	5f078e5b1d1			UPSTREAM: <drop>: Update hyperkube dockerfile version	https://github.com/openshift/kubernetes/commit/5f078e5b1d1?w=1
	764ecff8094			UPSTREAM: <drop>: pin openshift libraries to 1.23	https://github.com/openshift/kubernetes/commit/764ecff8094?w=1
	9ef6a60dfaa			UPSTREAM: <drop>: pin ginkgo to openshift fork at origin-4.7 branch	https://github.com/openshift/kubernetes/commit/9ef6a60dfaa?w=1
	aaa667be123			UPSTREAM: <drop>: go mod tidy && go mod vendor	https://github.com/openshift/kubernetes/commit/aaa667be123?w=1
	372067bd71e			UPSTREAM: <drop>: Fix e2e test to solve ginkgo panic with make update	https://github.com/openshift/kubernetes/commit/372067bd71e?w=1
	bd57bd11f98			UPSTREAM: <drop>: hack/update-vendor.sh	https://github.com/openshift/kubernetes/commit/bd57bd11f98?w=1
	2d83e21697f			UPSTREAM: <drop>: run go mod vendor in k8s.io/code-generator directly	https://github.com/openshift/kubernetes/commit/2d83e21697f?w=1
	e6f4cefb705			UPSTREAM: <drop>: make update	https://github.com/openshift/kubernetes/commit/e6f4cefb705?w=1
	f885375eb71			UPSTREAM: <drop>: run ./hack/update-netparse-cve.sh	https://github.com/openshift/kubernetes/commit/f885375eb71?w=1
	c150537aa35			UPSTREAM: <drop>: Fix up TestAuthenticationAuditAnnotationsDefaultChain	https://github.com/openshift/kubernetes/commit/c150537aa35?w=1
	40a1245ccff			UPSTREAM: <drop>: disable failing verify tests	https://github.com/openshift/kubernetes/commit/40a1245ccff?w=1
	04c0f0abd46			UPSTREAM: <drop>: Disable alpha test for 1.23	https://github.com/openshift/kubernetes/commit/04c0f0abd46?w=1
	ce8d63d76a0			UPSTREAM: 90452: refactor/improve CRD publishing e2e tests in an HA setup	https://github.com/openshift/kubernetes/commit/ce8d63d76a0?w=1	https://github.com/kubernetes/kubernetes/pull/90452
	8446fce195d			UPSTREAM: <drop>: Disable multiAZ topology hints test	https://github.com/openshift/kubernetes/commit/8446fce195d?w=1
	7bb0ec5e3b0			UPSTREAM: <drop>: Disable Conntrack UDP traffic test	https://github.com/openshift/kubernetes/commit/7bb0ec5e3b0?w=1
	20a057a9efa			UPSTREAM: <carry>: disable CSI migration beta features	https://github.com/openshift/kubernetes/commit/20a057a9efa?w=1
	0bca5f4fa8e			UPSTREAM: <carry>: copy extensions into resulting image	https://github.com/openshift/kubernetes/commit/0bca5f4fa8e?w=1
	9b19ca983f4			UPSTREAM: <carry>: update rebase doc	https://github.com/openshift/kubernetes/commit/9b19ca983f4?w=1
	8bc9dd29ef0			UPSTREAM: 89885: SQUASH: Retry fetching clouds.conf	https://github.com/openshift/kubernetes/commit/8bc9dd29ef0?w=1	https://github.com/kubernetes/kubernetes/pull/89885
	c4377e559d0			UPSTREAM: <carry>: Revert "Disable CSI migration on OpenStack Cinder"	https://github.com/openshift/kubernetes/commit/c4377e559d0?w=1
	da5fc77795e			UPSTREAM: <carry>: Revert "disable CSI migration beta features"	https://github.com/openshift/kubernetes/commit/da5fc77795e?w=1
	ab75ff1a507			UPSTREAM: <carry>: hardens the aggregated API e2e tests in an HA setup	https://github.com/openshift/kubernetes/commit/ab75ff1a507?w=1
	8b7a1e367bc			UPSTREAM: 107136: Don't log vSphere configuration data in storage e2e tests	https://github.com/openshift/kubernetes/commit/8b7a1e367bc?w=1	https://github.com/kubernetes/kubernetes/pull/107136
	7d63874c5e6			UPSTREAM: 107173: Fix order of commands in the snapshot tests for volumes	https://github.com/openshift/kubernetes/commit/7d63874c5e6?w=1	https://github.com/kubernetes/kubernetes/pull/107173
	ebd3a85d001			UPSTREAM: 107312: Execute sync before taking the snapshot	https://github.com/openshift/kubernetes/commit/ebd3a85d001?w=1	https://github.com/kubernetes/kubernetes/pull/107312
	f89b437f6f0			UPSTREAM: <carry>: allows for switching KS to talk to Kube API over localhost-squash to other	https://github.com/openshift/kubernetes/commit/f89b437f6f0?w=1
	014ae72711e			UPSTREAM: <drop>: backport k8s.io/utils fix	https://github.com/openshift/kubernetes/commit/014ae72711e?w=1
	5ca1a1c2bde			UPSTREAM: 107564: test API allow IPs with leading zeros	https://github.com/openshift/kubernetes/commit/5ca1a1c2bde?w=1	https://github.com/kubernetes/kubernetes/pull/107564
	771b4b56597			UPSTREAM: <carry>: (squash) remove egressnetworkpolicies from gc ignored resources	https://github.com/openshift/kubernetes/commit/771b4b56597?w=1
	9755d206dd5			UPSTREAM: <carry>: Fix conformance and serial tests by stopping node cordoning	https://github.com/openshift/kubernetes/commit/9755d206dd5?w=1
	aa8752060b0			UPSTREAM: <carry>: set correctly static pods CPUs when workload partitioning is disabled	https://github.com/openshift/kubernetes/commit/aa8752060b0?w=1
	e60c64bcd1a			UPSTREAM: 107695: kubelet: fix podstatus not containing pod full name	https://github.com/openshift/kubernetes/commit/e60c64bcd1a?w=1	https://github.com/kubernetes/kubernetes/pull/107695
	de1d569cd1f			UPSTREAM: <drop>: Revert "Merge pull request #106306 from pawbana/change_bucketing_for_request_latency_metric"	https://github.com/openshift/kubernetes/commit/de1d569cd1f?w=1
	d7b268fffba			UPSTREAM: <carry>: use console-public config map for console redirect	https://github.com/openshift/kubernetes/commit/d7b268fffba?w=1
	67e1c1dac22			UPSTREAM: <carry>: Remove pod warning annotation when workload partitioning is disabled	https://github.com/openshift/kubernetes/commit/67e1c1dac22?w=1
	f0c508d8082			UPSTREAM: revert: 1130: Revert "Merge pull request #106306 from pawbana/change_bucketing_for_request_latency_metric"	https://github.com/openshift/kubernetes/commit/f0c508d8082?w=1
	89be164e1a0			UPSTREAM: <drop>: manually resolve conflicts	https://github.com/openshift/kubernetes/commit/89be164e1a0?w=1
	283b34c7c1d			UPSTREAM: <drop>: hack/update-vendor.sh, make update and update image	https://github.com/openshift/kubernetes/commit/283b34c7c1d?w=1
	9119117160a			UPSTREAM: <carry>: update rebase doc	https://github.com/openshift/kubernetes/commit/9119117160a?w=1
	c77caa826a0			UPSTREAM: <drop>: update vendor files	https://github.com/openshift/kubernetes/commit/c77caa826a0?w=1
	edaf80f4a0e			UPSTREAM: 107786: Ensure the execHostnameTest() compares hostnames	https://github.com/openshift/kubernetes/commit/edaf80f4a0e?w=1	https://github.com/kubernetes/kubernetes/pull/107786
	0f442805343			UPSTREAM: 107847: service REST: Call Decorator(old) on update path	https://github.com/openshift/kubernetes/commit/0f442805343?w=1	https://github.com/kubernetes/kubernetes/pull/107847
	db4c4bbd6d6			UPSTREAM: 107900: Add an e2e test for updating a static pod while it restarts	https://github.com/openshift/kubernetes/commit/db4c4bbd6d6?w=1	https://github.com/kubernetes/kubernetes/pull/107900
	15270f8097f			UPSTREAM: 107900: kubelet: Clean up a static pod that has been terminated before starting	https://github.com/openshift/kubernetes/commit/15270f8097f?w=1	https://github.com/kubernetes/kubernetes/pull/107900
	7447f799dd4			UPSTREAM: <drop>: Ignore container notfound error while getPodstatuses	https://github.com/openshift/kubernetes/commit/7447f799dd4?w=1
	d99a3173ae8			UPSTREAM: 108149: fix: do not return early in the node informer when there is no change of the topology label.	https://github.com/openshift/kubernetes/commit/d99a3173ae8?w=1	https://github.com/kubernetes/kubernetes/pull/108149
	801ac6f987f			UPSTREAM: <drop>: zero-diff to pick up tags for versions	https://github.com/openshift/kubernetes/commit/801ac6f987f?w=1
	a59fd947cb4			UPSTREAM: 108284: fix: exclude non-ready nodes and deleted nodes from azure load balancers	https://github.com/openshift/kubernetes/commit/a59fd947cb4?w=1	https://github.com/kubernetes/kubernetes/pull/108284
	32ce0d0897c			UPSTREAM: <carry>: enable e2e test after 1.23 rebase in sdn	https://github.com/openshift/kubernetes/commit/32ce0d0897c?w=1
	0c3aeba7b49			UPSTREAM: <carry>: update list of deprecated apis	https://github.com/openshift/kubernetes/commit/0c3aeba7b49?w=1
	aba8d2093ce			UPSTREAM: <carry>: Unskip OCP SDN related tests	https://github.com/openshift/kubernetes/commit/aba8d2093ce?w=1
	3f7f68a7ce3			UPSTREAM: <carry>: enable should drop INVALID conntrack entries test	https://github.com/openshift/kubernetes/commit/3f7f68a7ce3?w=1
	542e1f87dc8			UPSTREAM: 106454: SQUASH: test/e2e/framework: add pod security admission configuration	https://github.com/openshift/kubernetes/commit/542e1f87dc8?w=1	https://github.com/kubernetes/kubernetes/pull/106454
	a8f15f63c79			UPSTREAM: <carry>: Generate event when cache update failed	https://github.com/openshift/kubernetes/commit/a8f15f63c79?w=1
	58f3815bab1			UPSTREAM: <carry>: use hardcoded rest mapper from library-go	https://github.com/openshift/kubernetes/commit/58f3815bab1?w=1
	f9aead4d641			UPSTREAM: 108366: kubelet: Delay writing a terminal phase until the pod is terminated	https://github.com/openshift/kubernetes/commit/f9aead4d641?w=1	https://github.com/kubernetes/kubernetes/pull/108366
	379eab7ae42			UPSTREAM: 108366: test: Add E2E for init container pod deletion	https://github.com/openshift/kubernetes/commit/379eab7ae42?w=1	https://github.com/kubernetes/kubernetes/pull/108366
	01a8b05514e			UPSTREAM: 108366: test: Add E2E for job completions with cpu reservation	https://github.com/openshift/kubernetes/commit/01a8b05514e?w=1	https://github.com/kubernetes/kubernetes/pull/108366
	34e46fd677d			UPSTREAM: 108366: test: Verify that nodes do not transition to Failed while ready	https://github.com/openshift/kubernetes/commit/34e46fd677d?w=1	https://github.com/kubernetes/kubernetes/pull/108366
	96a18e04df7			UPSTREAM: <carry>: update e2es	https://github.com/openshift/kubernetes/commit/96a18e04df7?w=1
	4bf9a128970			UPSTREAM: 106454: test/e2e: fix e2e tests for restricted policy	https://github.com/openshift/kubernetes/commit/4bf9a128970?w=1	https://github.com/kubernetes/kubernetes/pull/106454
	eee5c5e7d76			UPSTREAM: 107821: Move kubelet secret and configmap manager calls to sync_Pod functions	https://github.com/openshift/kubernetes/commit/eee5c5e7d76?w=1	https://github.com/kubernetes/kubernetes/pull/107821
	bde35ea3bcd			UPSTREAM: 107831: Include pod UID in secret/configmap cache key	https://github.com/openshift/kubernetes/commit/bde35ea3bcd?w=1	https://github.com/kubernetes/kubernetes/pull/107831
	b6288ea307e			UPSTREAM: 106454: test/e2e: fix e2e tests for restricted policy	https://github.com/openshift/kubernetes/commit/b6288ea307e?w=1	https://github.com/kubernetes/kubernetes/pull/106454
	cf60012cd45			UPSTREAM: 106454: test/e2e: fix e2e tests for restricted policy	https://github.com/openshift/kubernetes/commit/cf60012cd45?w=1	https://github.com/kubernetes/kubernetes/pull/106454
	d032c6e6463			UPSTREAM: revert: <carry>: Unskip OCP SDN related tests	https://github.com/openshift/kubernetes/commit/d032c6e6463?w=1
	b99c8007535			UPSTREAM: <drop>: bump(apiserver-library-go): inclusion of seccompProfile fields in SCC admission	https://github.com/openshift/kubernetes/commit/b99c8007535?w=1
	7871e95298a			UPSTREAM: <carry>: Skip in-tree topology tests win Azure Disk migrated to CSI	https://github.com/openshift/kubernetes/commit/7871e95298a?w=1
	5fbf4195cbb			UPSTREAM: <carry>: apirequestcount validation	https://github.com/openshift/kubernetes/commit/5fbf4195cbb?w=1
	5b8b08c1629			UPSTREAM: <carry>: apirequestcount filter should skip non-resources	https://github.com/openshift/kubernetes/commit/5b8b08c1629?w=1
	e23f142b9ed			UPSTREAM: <carry>: ignore invalid apirequestcounts	https://github.com/openshift/kubernetes/commit/e23f142b9ed?w=1
	363dfdc3e61			UPSTREAM: 109283: test/e2e/*: default existing tests to privileged pod security policy	https://github.com/openshift/kubernetes/commit/363dfdc3e61?w=1	https://github.com/kubernetes/kubernetes/pull/109283
